{"C:\\Users\\Asus\\OneDrive\\Desktop\\TTD TESTING\\DAY 39 TESTING\\Assignment\\AssignmentDay39\\handlers\\isLeapYear.js": {"path":"C:\\Users\\Asus\\OneDrive\\Desktop\\TTD TESTING\\DAY 39 TESTING\\Assignment\\AssignmentDay39\\handlers\\isLeapYear.js","statementMap":{"0":{"start":{"line":1,"column":22},"end":{"line":1,"column":55}},"1":{"start":{"line":3,"column":19},"end":{"line":10,"column":1}},"2":{"start":{"line":4,"column":19},"end":{"line":4,"column":51}},"3":{"start":{"line":5,"column":4},"end":{"line":8,"column":7}},"4":{"start":{"line":9,"column":4},"end":{"line":9,"column":14}},"5":{"start":{"line":12,"column":0},"end":{"line":14,"column":2}}},"fnMap":{"0":{"name":"(anonymous_0)","decl":{"start":{"line":3,"column":19},"end":{"line":3,"column":20}},"loc":{"start":{"line":3,"column":39},"end":{"line":10,"column":1}},"line":3}},"branchMap":{},"s":{"0":1,"1":1,"2":2,"3":2,"4":2,"5":1},"f":{"0":2},"b":{},"_coverageSchema":"1a1c01bbd47fc00a2c39e90264f33305004495a9","hash":"4dd37f72ce7cf329da9ed2c99f9e45698ce5376c"}
,"C:\\Users\\Asus\\OneDrive\\Desktop\\TTD TESTING\\DAY 39 TESTING\\Assignment\\AssignmentDay39\\handlers\\isWeekend.js": {"path":"C:\\Users\\Asus\\OneDrive\\Desktop\\TTD TESTING\\DAY 39 TESTING\\Assignment\\AssignmentDay39\\handlers\\isWeekend.js","statementMap":{"0":{"start":{"line":1,"column":21},"end":{"line":1,"column":53}},"1":{"start":{"line":3,"column":18},"end":{"line":10,"column":1}},"2":{"start":{"line":4,"column":19},"end":{"line":4,"column":49}},"3":{"start":{"line":5,"column":4},"end":{"line":8,"column":7}},"4":{"start":{"line":9,"column":4},"end":{"line":9,"column":14}},"5":{"start":{"line":12,"column":0},"end":{"line":14,"column":2}}},"fnMap":{"0":{"name":"(anonymous_0)","decl":{"start":{"line":3,"column":18},"end":{"line":3,"column":19}},"loc":{"start":{"line":3,"column":38},"end":{"line":10,"column":1}},"line":3}},"branchMap":{},"s":{"0":1,"1":1,"2":2,"3":2,"4":2,"5":1},"f":{"0":2},"b":{},"_coverageSchema":"1a1c01bbd47fc00a2c39e90264f33305004495a9","hash":"2e2aecfd06068688b2abb294b2daeb08b6f4348e"}
,"C:\\Users\\Asus\\OneDrive\\Desktop\\TTD TESTING\\DAY 39 TESTING\\Assignment\\AssignmentDay39\\model\\leapYearModel.js": {"path":"C:\\Users\\Asus\\OneDrive\\Desktop\\TTD TESTING\\DAY 39 TESTING\\Assignment\\AssignmentDay39\\model\\leapYearModel.js","statementMap":{"0":{"start":{"line":2,"column":4},"end":{"line":2,"column":84}},"1":{"start":{"line":5,"column":0},"end":{"line":7,"column":2}}},"fnMap":{"0":{"name":"isLeapYear","decl":{"start":{"line":1,"column":9},"end":{"line":1,"column":19}},"loc":{"start":{"line":1,"column":22},"end":{"line":3,"column":1}},"line":1}},"branchMap":{"0":{"loc":{"start":{"line":2,"column":11},"end":{"line":2,"column":83}},"type":"binary-expr","locations":[{"start":{"line":2,"column":11},"end":{"line":2,"column":44}},{"start":{"line":2,"column":48},"end":{"line":2,"column":83}}],"line":2}},"s":{"0":2,"1":1},"f":{"0":2},"b":{"0":[2,1]},"_coverageSchema":"1a1c01bbd47fc00a2c39e90264f33305004495a9","hash":"8a72e24e341f273f2fad6bf0f57f70b453246976"}
,"C:\\Users\\Asus\\OneDrive\\Desktop\\TTD TESTING\\DAY 39 TESTING\\Assignment\\AssignmentDay39\\model\\weekendModel.js": {"path":"C:\\Users\\Asus\\OneDrive\\Desktop\\TTD TESTING\\DAY 39 TESTING\\Assignment\\AssignmentDay39\\model\\weekendModel.js","statementMap":{"0":{"start":{"line":2,"column":4},"end":{"line":2,"column":62}},"1":{"start":{"line":5,"column":0},"end":{"line":7,"column":2}}},"fnMap":{"0":{"name":"isWeekend","decl":{"start":{"line":1,"column":9},"end":{"line":1,"column":18}},"loc":{"start":{"line":1,"column":21},"end":{"line":3,"column":1}},"line":1}},"branchMap":{"0":{"loc":{"start":{"line":2,"column":11},"end":{"line":2,"column":61}},"type":"binary-expr","locations":[{"start":{"line":2,"column":11},"end":{"line":2,"column":34}},{"start":{"line":2,"column":38},"end":{"line":2,"column":61}}],"line":2}},"s":{"0":2,"1":1},"f":{"0":2},"b":{"0":[2,2]},"_coverageSchema":"1a1c01bbd47fc00a2c39e90264f33305004495a9","hash":"fc056289f09170dec3707dbe7f18b99d0a05c63b"}
}
