TN:
SF:handlers\isLeapYear.js
FN:3,(anonymous_0)
FNF:1
FNH:1
FNDA:2,(anonymous_0)
DA:1,1
DA:3,1
DA:4,2
DA:5,2
DA:9,2
DA:12,1
LF:6
LH:6
BRF:0
BRH:0
end_of_record
TN:
SF:handlers\isWeekend.js
FN:3,(anonymous_0)
FNF:1
FNH:1
FNDA:2,(anonymous_0)
DA:1,1
DA:3,1
DA:4,2
DA:5,2
DA:9,2
DA:12,1
LF:6
LH:6
BRF:0
BRH:0
end_of_record
TN:
SF:model\leapYearModel.js
FN:1,isLeapYear
FNF:1
FNH:1
FNDA:2,isLeapYear
DA:2,2
DA:5,1
LF:2
LH:2
BRDA:2,0,0,2
BRDA:2,0,1,1
BRF:2
BRH:2
end_of_record
TN:
SF:model\weekendModel.js
FN:1,isWeekend
FNF:1
FNH:1
FNDA:2,isWeekend
DA:2,2
DA:5,1
LF:2
LH:2
BRDA:2,0,0,2
BRDA:2,0,1,2
BRF:2
BRH:2
end_of_record
